Starting auto_commit script...
Adding changes...
Committing changes...
[main 612fa72] Auto commit on Mon Feb  9 06:30:31 AM UTC 2026
 2 files changed, 2 insertions(+)
 mode change 100644 => 100755 .devcontainer/auto_commit.sh
 create mode 100644 auto_commit.log
Sleeping for 3 minutes...

Adding changes...
Committing changes...
[main 5c25a80] Auto commit on Mon Feb  9 06:33:31 AM UTC 2026
 1 file changed, 8 insertions(+)
Sleeping for 3 minutes...

Adding changes...
Committing changes...
[main b462d99] Auto commit on Mon Feb  9 06:36:31 AM UTC 2026
 1 file changed, 6 insertions(+)
Sleeping for 3 minutes...

Adding changes...
Committing changes...
[main 90a70d0] Auto commit on Mon Feb  9 06:39:31 AM UTC 2026
 1 file changed, 6 insertions(+)
Sleeping for 3 minutes...

Adding changes...
